2024-03-05T10:12:47+00:00 INFO Called process_payment with params order_id 6255
2024-03-05T10:12:47+00:00 INFO Set transient with key razorpay_wc_order_id params order_id 6255
2024-03-05T10:37:37+00:00 INFO Called process_payment with params order_id 6255
2024-03-05T10:37:37+00:00 INFO Set transient with key razorpay_wc_order_id params order_id 6255
2024-03-05T10:41:20+00:00 INFO Called process_payment with params order_id 6255
2024-03-05T10:41:20+00:00 INFO Set transient with key razorpay_wc_order_id params order_id 6255
2024-03-05T10:45:50+00:00 INFO Called process_payment with params order_id 6256
2024-03-05T10:45:50+00:00 INFO Set transient with key razorpay_wc_order_id params order_id 6256
2024-03-05T12:16:39+00:00 ERROR Could not enable webhook for localhost
2024-03-05T12:16:39+00:00 INFO Trying to create one_cc_address_sync_cron
2024-03-05T12:16:39+00:00 INFO Failed to create one_cc_address_sync_cron as invalid one cc merchant
2024-03-05T12:16:39+00:00 INFO Attempting to delete one_cc_address_sync_cron, status: cancelled, message: invalid_1cc_merchant
2024-03-05T12:16:39+00:00 INFO Deleted one_cc_address_sync_cron  if exists
2024-03-05T12:16:39+00:00 INFO updateAddressSyncCronData: status=cancelled, message=invalid_1cc_merchant, cronStatus=deleted
2024-03-05T12:16:39+00:00 INFO create one_cc_plugin_sync_cron successful
2024-03-05T12:20:24+00:00 INFO Called process_payment with params order_id 6257
2024-03-05T12:20:24+00:00 INFO Set transient with key razorpay_wc_order_id params order_id 6257
2024-03-05T12:20:27+00:00 INFO getRazorpayPaymentParams 6257
2024-03-05T12:20:27+00:00 INFO createOrGetRazorpayOrderId 6257 and is1ccCheckout is set to no
2024-03-05T12:20:27+00:00 INFO Called createOrGetRazorpayOrderId with params orderId 6257 and is_magic_checkout_order is set to no
2024-03-05T12:20:27+00:00 INFO razorpayOrderId  | sessionKey razorpay_order_id6257
2024-03-05T12:20:27+00:00 INFO Called createRazorpayOrderId with params orderId 6257 and sessionKey razorpay_order_id6257
2024-03-05T12:20:27+00:00 INFO Called getOrderCreationData with params orderId 6257
2024-03-05T12:20:27+00:00 INFO Called getOrderCreationData with params orderId 6257 and is1ccOrder is set to no
2024-03-05T12:20:27+00:00 INFO For order 6257
2024-03-05T12:20:27+00:00 INFO {"receipt":"6257","amount":18018600,"currency":"INR","payment_capture":1,"app_offer":0,"notes":{"woocommerce_order_number":"6257"}}
2024-03-05T12:20:27+00:00 INFO For order session key razorpay_order_id6257
2024-03-05T12:28:47+00:00 INFO Called process_payment with params order_id 6258
2024-03-05T12:28:47+00:00 INFO Set transient with key razorpay_wc_order_id params order_id 6258
2024-03-05T12:28:49+00:00 INFO getRazorpayPaymentParams 6258
2024-03-05T12:28:49+00:00 INFO createOrGetRazorpayOrderId 6258 and is1ccCheckout is set to no
2024-03-05T12:28:49+00:00 INFO Called createOrGetRazorpayOrderId with params orderId 6258 and is_magic_checkout_order is set to no
2024-03-05T12:28:49+00:00 INFO razorpayOrderId  | sessionKey razorpay_order_id6258
2024-03-05T12:28:49+00:00 INFO Called createRazorpayOrderId with params orderId 6258 and sessionKey razorpay_order_id6258
2024-03-05T12:28:49+00:00 INFO Called getOrderCreationData with params orderId 6258
2024-03-05T12:28:49+00:00 INFO Called getOrderCreationData with params orderId 6258 and is1ccOrder is set to no
2024-03-05T12:28:49+00:00 INFO For order 6258
2024-03-05T12:28:49+00:00 INFO {"receipt":"6258","amount":9000000,"currency":"INR","payment_capture":1,"app_offer":0,"notes":{"woocommerce_order_number":"6258"}}
2024-03-05T12:28:50+00:00 INFO For order session key razorpay_order_id6258
