2024-03-13T05:24:09+00:00 INFO Called process_payment with params order_id 6627
2024-03-13T05:24:09+00:00 INFO Set transient with key razorpay_wc_order_id params order_id 6627
2024-03-13T05:24:12+00:00 ERROR Could not enable webhook for localhost
2024-03-13T05:24:12+00:00 INFO getRazorpayPaymentParams 6627
2024-03-13T05:24:12+00:00 INFO createOrGetRazorpayOrderId 6627 and is1ccCheckout is set to no
2024-03-13T05:24:12+00:00 INFO Called createOrGetRazorpayOrderId with params orderId 6627 and is_magic_checkout_order is set to no
2024-03-13T05:24:12+00:00 INFO razorpayOrderId  | sessionKey razorpay_order_id6627
2024-03-13T05:24:12+00:00 INFO Called createRazorpayOrderId with params orderId 6627 and sessionKey razorpay_order_id6627
2024-03-13T05:24:12+00:00 INFO Called getOrderCreationData with params orderId 6627
2024-03-13T05:24:12+00:00 INFO Called getOrderCreationData with params orderId 6627 and is1ccOrder is set to no
2024-03-13T05:24:12+00:00 INFO For order 6627
2024-03-13T05:24:12+00:00 INFO {"receipt":"6627","amount":9000000,"currency":"INR","payment_capture":1,"app_offer":0,"notes":{"woocommerce_order_number":"6627"}}
2024-03-13T05:24:13+00:00 INFO For order session key razorpay_order_id6627
2024-03-13T12:59:53+00:00 INFO Called process_payment with params order_id 6770
2024-03-13T12:59:53+00:00 INFO Set transient with key razorpay_wc_order_id params order_id 6770
2024-03-13T12:59:56+00:00 INFO getRazorpayPaymentParams 6770
2024-03-13T12:59:56+00:00 INFO createOrGetRazorpayOrderId 6770 and is1ccCheckout is set to no
2024-03-13T12:59:56+00:00 INFO Called createOrGetRazorpayOrderId with params orderId 6770 and is_magic_checkout_order is set to no
2024-03-13T12:59:56+00:00 INFO razorpayOrderId  | sessionKey razorpay_order_id6770
2024-03-13T12:59:56+00:00 INFO Called createRazorpayOrderId with params orderId 6770 and sessionKey razorpay_order_id6770
2024-03-13T12:59:56+00:00 INFO Called getOrderCreationData with params orderId 6770
2024-03-13T12:59:56+00:00 INFO Called getOrderCreationData with params orderId 6770 and is1ccOrder is set to no
2024-03-13T12:59:56+00:00 INFO For order 6770
2024-03-13T12:59:56+00:00 INFO {"receipt":"6770","amount":18000000,"currency":"INR","payment_capture":1,"app_offer":0,"notes":{"woocommerce_order_number":"6770"}}
2024-03-13T12:59:57+00:00 INFO For order session key razorpay_order_id6770
2024-03-13T13:24:43+00:00 INFO Called process_payment with params order_id 6770
2024-03-13T13:24:43+00:00 INFO Set transient with key razorpay_wc_order_id params order_id 6770
2024-03-13T13:24:46+00:00 INFO getRazorpayPaymentParams 6770
2024-03-13T13:24:46+00:00 INFO createOrGetRazorpayOrderId 6770 and is1ccCheckout is set to no
2024-03-13T13:24:46+00:00 INFO Called createOrGetRazorpayOrderId with params orderId 6770 and is_magic_checkout_order is set to no
2024-03-13T13:24:46+00:00 INFO razorpayOrderId order_NlqeRtjAUVEp6y | sessionKey razorpay_order_id6770
2024-03-13T13:24:46+00:00 INFO Called verifyOrderAmount with params orderId 6770 and rzporderId order_NlqeRtjAUVEp6y
2024-03-13T13:24:46+00:00 INFO Called getOrderCreationData with params orderId 6770
2024-03-13T13:24:46+00:00 INFO Called getOrderCreationData with params orderId 6770 and is1ccOrder is set to no
